[    0.000000] Initializing cgroup subsys cpuset
[    0.000000] Initializing cgroup subsys cpu
[    0.000000] Initializing cgroup subsys cpuacct
[    0.000000] Linux version 4.4.0-146-generic (buildd@lcy01-amd64-025) (gcc version 5.4.0 20160609 (Ubuntu 5.4.0-6ubuntu1~16.04.10) ) #172-Ubuntu SMP Wed Apr 3 09:00:08 UTC 2019 (Ubuntu 4.4.0-146.172-generic 4.4.177)
[    0.000000] Command line: BOOT_IMAGE=/boot/vmlinuz-4.4.0-146-generic root=LABEL=cloudimg-rootfs ro console=tty1 console=ttyS0
[    0.000000] KERNEL supported cpus:
[    0.000000]   Intel GenuineIntel
[    0.000000]   AMD AuthenticAMD
[    0.000000]   Centaur CentaurHauls
[    0.000000] x86/fpu: xstate_offset[2]:  576, xstate_sizes[2]:  256
[    0.000000] x86/fpu: Supporting XSAVE feature 0x01: 'x87 floating point registers'
[    0.000000] x86/fpu: Supporting XSAVE feature 0x02: 'SSE registers'
[    0.000000] x86/fpu: Supporting XSAVE feature 0x04: 'AVX registers'
[    0.000000] x86/fpu: Enabled xstate features 0x7, context size is 832 bytes, using 'standard' format.
[    0.000000] e820: BIOS-provided physical RAM map:
[    0.000000] BIOS-e820: [mem 0x0000000000000000-0x000000000009fbff] usable
[    0.000000] BIOS-e820: [mem 0x000000000009fc00-0x000000000009ffff] reserved
[    0.000000] BIOS-e820: [mem 0x00000000000f0000-0x00000000000fffff] reserved
[    0.000000] BIOS-e820: [mem 0x0000000000100000-0x000000003ffeffff] usable
[    0.000000] BIOS-e820: [mem 0x000000003fff0000-0x000000003fffffff] ACPI data
[    0.000000] BIOS-e820: [mem 0x00000000fec00000-0x00000000fec00fff] reserved
[    0.000000] BIOS-e820: [mem 0x00000000fee00000-0x00000000fee00fff] reserved
[    0.000000] BIOS-e820: [mem 0x00000000fffc0000-0x00000000ffffffff] reserved
[    0.000000] NX (Execute Disable) protection: active
[    0.000000] SMBIOS 2.5 present.
[    0.000000] Hypervisor detected: KVM
[    0.000000] e820: last_pfn = 0x3fff0 max_arch_pfn = 0x400000000
[    0.000000] MTRR: Disabled
[    0.000000] x86/PAT: MTRRs disabled, skipping PAT initialization too.
[    0.000000] CPU MTRRs all blank - virtualized system.
[    0.000000] x86/PAT: Configuration [0-7]: WB  WT  UC- UC  WB  WT  UC- UC  
[    0.000000] found SMP MP-table at [mem 0x0009fff0-0x0009ffff] mapped at [ffff88000009fff0]
[    0.000000] Scanning 1 areas for low memory corruption
[    0.000000] RAMDISK: [mem 0x362fa000-0x37174fff]
[    0.000000] ACPI: Early table checksum verification disabled
[    0.000000] ACPI: RSDP 0x00000000000E0000 000024 (v02 VBOX  )
[    0.000000] ACPI: XSDT 0x000000003FFF0030 00003C (v01 VBOX   VBOXXSDT 00000001 ASL  00000061)
[    0.000000] ACPI: FACP 0x000000003FFF00F0 0000F4 (v04 VBOX   VBOXFACP 00000001 ASL  00000061)
[    0.000000] ACPI: DSDT 0x000000003FFF0470 0022EA (v02 VBOX   VBOXBIOS 00000002 INTL 20100528)
[    0.000000] ACPI: FACS 0x000000003FFF0200 000040
[    0.000000] ACPI: FACS 0x000000003FFF0200 000040
[    0.000000] ACPI: APIC 0x000000003FFF0240 00005C (v02 VBOX   VBOXAPIC 00000001 ASL  00000061)
[    0.000000] ACPI: SSDT 0x000000003FFF02A0 0001CC (v01 VBOX   VBOXCPUT 00000002 INTL 20100528)
[    0.000000] No NUMA configuration found
[    0.000000] Faking a node at [mem 0x0000000000000000-0x000000003ffeffff]
[    0.000000] NODE_DATA(0) allocated [mem 0x3ffeb000-0x3ffeffff]
[    0.000000] kvm-clock: Using msrs 4b564d01 and 4b564d00
[    0.000000] kvm-clock: cpu 0, msr 0:3ffe3001, primary cpu clock
[    0.000000] kvm-clock: using sched offset of 8487869743 cycles
[    0.000000] clocksource: kvm-clock: mask: 0xffffffffffffffff max_cycles: 0x1cd42e4dffb, max_idle_ns: 881590591483 ns
[    0.000000] Zone ranges:
[    0.000000]   DMA      [mem 0x0000000000001000-0x0000000000ffffff]
[    0.000000]   DMA32    [mem 0x0000000001000000-0x000000003ffeffff]
[    0.000000]   Normal   empty
[    0.000000]   Device   empty
[    0.000000] Movable zone start for each node
[    0.000000] Early memory node ranges
[    0.000000]   node   0: [mem 0x0000000000001000-0x000000000009efff]
[    0.000000]   node   0: [mem 0x0000000000100000-0x000000003ffeffff]
[    0.000000] Initmem setup node 0 [mem 0x0000000000001000-0x000000003ffeffff]
[    0.000000] ACPI: PM-Timer IO Port: 0x4008
[    0.000000] IOAPIC[0]: apic_id 2, version 32, address 0xfec00000, GSI 0-23
[    0.000000] ACPI: INT_SRC_OVR (bus 0 bus_irq 0 global_irq 2 dfl dfl)
[    0.000000] ACPI: INT_SRC_OVR (bus 0 bus_irq 9 global_irq 9 low level)
[    0.000000] Using ACPI (MADT) for SMP configuration information
[    0.000000] smpboot: Allowing 2 CPUs, 0 hotplug CPUs
[    0.000000] PM: Registered nosave memory: [mem 0x00000000-0x00000fff]
[    0.000000] PM: Registered nosave memory: [mem 0x0009f000-0x0009ffff]
[    0.000000] PM: Registered nosave memory: [mem 0x000a0000-0x000effff]
[    0.000000] PM: Registered nosave memory: [mem 0x000f0000-0x000fffff]
[    0.000000] e820: [mem 0x40000000-0xfebfffff] available for PCI devices
[    0.000000] Booting paravirtualized kernel on KVM
[    0.000000] clocksource: refined-jiffies: mask: 0xffffffff max_cycles: 0xffffffff, max_idle_ns: 7645519600211568 ns
[    0.000000] setup_percpu: NR_CPUS:512 nr_cpumask_bits:512 nr_cpu_ids:2 nr_node_ids:1
[    0.000000] PERCPU: Embedded 34 pages/cpu @ffff88003fc00000 s99480 r8192 d31592 u1048576
[    0.000000] Built 1 zonelists in Node order, mobility grouping on.  Total pages: 257912
[    0.000000] Policy zone: DMA32
[    0.000000] Kernel command line: BOOT_IMAGE=/boot/vmlinuz-4.4.0-146-generic root=LABEL=cloudimg-rootfs ro console=tty1 console=ttyS0
[    0.000000] PID hash table entries: 4096 (order: 3, 32768 bytes)
[    0.000000] Memory: 997732K/1048120K available (8609K kernel code, 1334K rwdata, 4028K rodata, 1484K init, 1284K bss, 50388K reserved, 0K cma-reserved)
[    0.000000] SLUB: HWalign=64, Order=0-3, MinObjects=0, CPUs=2, Nodes=1
[    0.000000] Kernel/User page tables isolation: enabled
[    0.000000] Hierarchical RCU implementation.
[    0.000000] 	Build-time adjustment of leaf fanout to 64.
[    0.000000] 	RCU restricting CPUs from NR_CPUS=512 to nr_cpu_ids=2.
[    0.000000] RCU: Adjusting geometry for rcu_fanout_leaf=64, nr_cpu_ids=2
[    0.000000] NR_IRQS:33024 nr_irqs:440 16
[    0.000000] Console: colour VGA+ 80x25
[    0.000000] console [tty1] enabled
[    0.000000] console [ttyS0] enabled
[    0.000000] tsc: Detected 1599.999 MHz processor
[    0.422697] Calibrating delay loop (skipped) preset value.. 3199.99 BogoMIPS (lpj=6399996)
[    0.427783] pid_max: default: 32768 minimum: 301
[    0.430728] ACPI: Core revision 20150930
[    0.434769] ACPI: 2 ACPI AML tables successfully acquired and loaded
[    0.438589] Security Framework initialized
[    0.441257] Yama: becoming mindful.
[    0.443347] AppArmor: AppArmor initialized
[    0.445748] Dentry cache hash table entries: 131072 (order: 8, 1048576 bytes)
[    0.453291] Inode-cache hash table entries: 65536 (order: 7, 524288 bytes)
[    0.457186] Mount-cache hash table entries: 2048 (order: 2, 16384 bytes)
[    0.460913] Mountpoint-cache hash table entries: 2048 (order: 2, 16384 bytes)
[    0.465817] Initializing cgroup subsys io
[    0.468423] Initializing cgroup subsys memory
[    0.471388] Initializing cgroup subsys devices
[    0.474258] Initializing cgroup subsys freezer
[    0.477044] Initializing cgroup subsys net_cls
[    0.479916] Initializing cgroup subsys perf_event
[    0.483039] Initializing cgroup subsys net_prio
[    0.485989] Initializing cgroup subsys hugetlb
[    0.488621] Initializing cgroup subsys pids
[    0.492229] mce: CPU supports 0 MCE banks
[    0.494873] Last level iTLB entries: 4KB 64, 2MB 8, 4MB 8
[    0.498573] Last level dTLB entries: 4KB 64, 2MB 0, 4MB 0, 1GB 4
[    0.502070] Spectre V2 : Mitigation: Full generic retpoline
[    0.505492] Spectre V2 : Spectre v2 / SpectreRSB mitigation: Filling RSB on context switch
[    0.510490] Speculative Store Bypass: Vulnerable
[    0.517713] Freeing SMP alternatives memory: 36K
[    0.528140] ftrace: allocating 32287 entries in 127 pages
[    0.603874] smpboot: APIC(0) Converting physical 0 to logical package 0
[    0.607505] smpboot: Max logical packages: 1
[    0.610403] x2apic enabled
[    0.612496] Switched APIC routing to physical x2apic.
[    0.617155] ..TIMER: vector=0x30 apic1=0 pin1=2 apic2=-1 pin2=-1
[    0.728655] smpboot: CPU0: Intel(R) Core(TM) i5-5250U CPU @ 1.60GHz (family: 0x6, model: 0x3d, stepping: 0x4)
[    0.735511] Performance Events: unsupported p6 CPU model 61 no PMU driver, software events only.
[    0.754660] KVM setup paravirtual spinlock
[    0.757945] x86: Booting SMP configuration:
[    0.760992] .... node  #0, CPUs:      #1
[    0.763707] kvm-clock: cpu 1, msr 0:3ffe3041, secondary cpu clock
[    0.769257] mce: CPU supports 0 MCE banks
[    0.774056] x86: Booted up 1 node, 2 CPUs
[    0.777214] smpboot: Total of 2 processors activated (6399.99 BogoMIPS)
[    0.781232] devtmpfs: initialized
[    0.785162] evm: security.selinux
[    0.787251] evm: security.SMACK64
[    0.789295] evm: security.SMACK64EXEC
[    0.791500] evm: security.SMACK64TRANSMUTE
[    0.794782] evm: security.SMACK64MMAP
[    0.796689] evm: security.ima
[    0.799233] evm: security.capability
[    0.802210] clocksource: jiffies: mask: 0xffffffff max_cycles: 0xffffffff, max_idle_ns: 7645041785100000 ns
[    0.807928] futex hash table entries: 512 (order: 3, 32768 bytes)
[    0.811731] pinctrl core: initialized pinctrl subsystem
[    0.815216] RTC time: 12:42:20, date: 05/14/19
[    0.818354] NET: Registered protocol family 16
[    0.832986] cpuidle: using governor ladder
[    0.844948] cpuidle: using governor menu
[    0.847895] PCCT header not found.
[    0.850279] ACPI: bus type PCI registered
[    0.852611] acpiphp: ACPI Hot Plug PCI Controller Driver version: 0.5
[    0.856677] PCI: Using configuration type 1 for base access
[    0.870164] ACPI: Added _OSI(Module Device)
[    0.872971] ACPI: Added _OSI(Processor Device)
[    0.875833] ACPI: Added _OSI(3.0 _SCP Extensions)
[    0.878658] ACPI: Added _OSI(Processor Aggregator Device)
[    0.883397] ACPI: Executed 1 blocks of module-level executable AML code
[    0.890251] ACPI: Interpreter enabled
[    0.892666] ACPI: (supports S0 S5)
[    0.894758] ACPI: Using IOAPIC for interrupt routing
[    0.898116] PCI: Using host bridge windows from ACPI; if necessary, use "pci=nocrs" and report a bug
[    0.916090] ACPI: PCI Root Bridge [PCI0] (domain 0000 [bus 00-ff])
[    0.922542] acpi PNP0A03:00: _OSC: OS supports [ASPM ClockPM Segments MSI]
[    0.930128] acpi PNP0A03:00: _OSC: not requesting OS control; OS requires [ExtendedConfig ASPM ClockPM MSI]
[    0.941120] acpi PNP0A03:00: fail to add MMCONFIG information, can't access extended PCI configuration space under this bridge.
[    0.955346] PCI host bridge to bus 0000:00
[    0.959706] pci_bus 0000:00: root bus resource [io  0x0000-0x0cf7 window]
[    0.968023] pci_bus 0000:00: root bus resource [io  0x0d00-0xffff window]
[    0.975673] pci_bus 0000:00: root bus resource [mem 0x000a0000-0x000bffff window]
[    0.982900] pci_bus 0000:00: root bus resource [mem 0x40000000-0xfdffffff window]
[    0.989817] pci_bus 0000:00: root bus resource [bus 00-ff]
[    1.005714] pci 0000:00:01.1: legacy IDE quirk: reg 0x10: [io  0x01f0-0x01f7]
[    1.012968] pci 0000:00:01.1: legacy IDE quirk: reg 0x14: [io  0x03f6]
[    1.018448] pci 0000:00:01.1: legacy IDE quirk: reg 0x18: [io  0x0170-0x0177]
[    1.022728] pci 0000:00:01.1: legacy IDE quirk: reg 0x1c: [io  0x0376]
[    1.057616] pci 0000:00:07.0: quirk: [io  0x4000-0x403f] claimed by PIIX4 ACPI
[    1.063200] pci 0000:00:07.0: quirk: [io  0x4100-0x410f] claimed by PIIX4 SMB
[    1.110045] ACPI: PCI Interrupt Link [LNKA] (IRQs 5 9 10 *11)
[    1.118841] ACPI: PCI Interrupt Link [LNKB] (IRQs 5 9 *10 11)
[    1.126383] ACPI: PCI Interrupt Link [LNKC] (IRQs 5 *9 10 11)
[    1.134578] ACPI: PCI Interrupt Link [LNKD] (IRQs 5 9 10 *11)
[    1.149143] ACPI: Enabled 2 GPEs in block 00 to 07
[    1.162544] vgaarb: setting as boot device: PCI:0000:00:02.0
[    1.171149] vgaarb: device added: PCI:0000:00:02.0,decodes=io+mem,owns=io+mem,locks=none
[    1.187012] vgaarb: loaded
[    1.193509] vgaarb: bridge control possible 0000:00:02.0
[    1.207342] SCSI subsystem initialized
[    1.214088] ACPI: bus type USB registered
[    1.220647] usbcore: registered new interface driver usbfs
[    1.240579] usbcore: registered new interface driver hub
[    1.256549] usbcore: registered new device driver usb
[    1.264666] PCI: Using ACPI for IRQ routing
[    1.270869] NetLabel: Initializing
[    1.278893] NetLabel:  domain hash size = 128
[    1.284628] NetLabel:  protocols = UNLABELED CIPSOv4
[    1.297928] NetLabel:  unlabeled traffic allowed by default
[    1.316037] amd_nb: Cannot enumerate AMD northbridges
[    1.326779] clocksource: Switched to clocksource kvm-clock
[    1.351927] AppArmor: AppArmor Filesystem Enabled
[    1.358282] pnp: PnP ACPI init
[    1.364864] pnp: PnP ACPI: found 3 devices
[    1.386197] clocksource: acpi_pm: mask: 0xffffff max_cycles: 0xffffff, max_idle_ns: 2085701024 ns
[    1.391969] NET: Registered protocol family 2
[    1.394651] TCP established hash table entries: 8192 (order: 4, 65536 bytes)
[    1.398680] TCP bind hash table entries: 8192 (order: 5, 131072 bytes)
[    1.404519] TCP: Hash tables configured (established 8192 bind 8192)
[    1.407908] UDP hash table entries: 512 (order: 2, 16384 bytes)
[    1.411748] UDP-Lite hash table entries: 512 (order: 2, 16384 bytes)
[    1.416444] NET: Registered protocol family 1
[    1.421111] pci 0000:00:00.0: Limiting direct PCI/PCI transfers
[    1.424940] pci 0000:00:01.0: Activating ISA DMA hang workarounds
[    1.428611] Unpacking initramfs...
[    1.742875] Freeing initrd memory: 14828K
[    1.745585] RAPL PMU detected, API unit is 2^-32 Joules, 4 fixed counters 10737418240 ms ovfl timer
[    1.750588] hw unit of domain pp0-core 2^-0 Joules
[    1.753586] hw unit of domain package 2^-0 Joules
[    1.756227] hw unit of domain dram 2^-0 Joules
[    1.758567] hw unit of domain pp1-gpu 2^-0 Joules
[    1.761740] platform rtc_cmos: registered platform RTC device (no PNP device found)
[    1.766469] Scanning for low memory corruption every 60 seconds
[    1.770841] audit: initializing netlink subsys (disabled)
[    1.773972] audit: type=2000 audit(1557837750.760:1): initialized
[    1.777868] Initialise system trusted keyring
[    1.780753] HugeTLB registered 2 MB page size, pre-allocated 0 pages
[    1.786092] zbud: loaded
[    1.788336] VFS: Disk quotas dquot_6.6.0
[    1.790549] VFS: Dquot-cache hash table entries: 512 (order 0, 4096 bytes)
[    1.795936] squashfs: version 4.0 (2009/01/31) Phillip Lougher
[    1.799461] fuse init (API version 7.23)
[    1.802769] Key type big_key registered
[    1.805133] Allocating IMA MOK and blacklist keyrings.
[    1.810556] Key type asymmetric registered
[    1.813144] Asymmetric key parser 'x509' registered
[    1.816141] Block layer SCSI generic (bsg) driver version 0.4 loaded (major 249)
[    1.821374] io scheduler noop registered
[    1.823872] io scheduler deadline registered (default)
[    1.826855] io scheduler cfq registered
[    1.829360] pci_hotplug: PCI Hot Plug PCI Core version: 0.5
[    1.832786] pciehp: PCI Express Hot Plug Controller Driver version: 0.4
[    1.837710] ACPI: AC Adapter [AC] (off-line)
[    1.840285] input: Power Button as /devices/LNXSYSTM:00/LNXPWRBN:00/input/input0
[    1.845250] ACPI: Power Button [PWRF]
[    1.848425] input: Sleep Button as /devices/LNXSYSTM:00/LNXSLPBN:00/input/input1
[    1.853964] ACPI: Sleep Button [SLPF]
[    1.856603] GHES: HEST is not enabled!
[    1.859744] Serial: 8250/16550 driver, 32 ports, IRQ sharing enabled
[    1.864421] ACPI: Battery Slot [BAT0] (battery present)
[    1.885174] 00:02: ttyS0 at I/O 0x3f8 (irq = 4, base_baud = 115200) is a 16550A
[    1.892664] Linux agpgart interface v0.103
[    1.913293] loop: module loaded
[    1.916737] scsi host0: ata_piix
[    1.919084] scsi host1: ata_piix
[    1.921584] ata1: PATA max UDMA/33 cmd 0x1f0 ctl 0x3f6 bmdma 0xd000 irq 14
[    1.925900] ata2: PATA max UDMA/33 cmd 0x170 ctl 0x376 bmdma 0xd008 irq 15
[    1.930967] libphy: Fixed MDIO Bus: probed
[    1.934825] tun: Universal TUN/TAP device driver, 1.6
[    1.941085] tun: (C) 1999-2004 Max Krasnyansky <maxk@qualcomm.com>
[    1.946064] PPP generic driver version 2.4.2
[    1.951652] ehci_hcd: USB 2.0 'Enhanced' Host Controller (EHCI) Driver
[    1.958575] ehci-pci: EHCI PCI platform driver
[    1.965939] ehci-platform: EHCI generic platform driver
[    1.975993] ohci_hcd: USB 1.1 'Open' Host Controller (OHCI) Driver
[    1.986395] ohci-pci: OHCI PCI platform driver
[    1.999021] ohci-platform: OHCI generic platform driver
[    2.016515] uhci_hcd: USB Universal Host Controller Interface driver
[    2.029750] i8042: PNP: PS/2 Controller [PNP0303:PS2K,PNP0f03:PS2M] at 0x60,0x64 irq 1,12
[    2.045244] serio: i8042 KBD port at 0x60,0x64 irq 1
[    2.053676] serio: i8042 AUX port at 0x60,0x64 irq 12
[    2.063443] mousedev: PS/2 mouse device common for all mice
[    2.075062] input: AT Translated Set 2 keyboard as /devices/platform/i8042/serio0/input/input2
[    2.083798] rtc_cmos rtc_cmos: rtc core: registered rtc_cmos as rtc0
[    2.084059] rtc_cmos rtc_cmos: alarms up to one day, 114 bytes nvram
[    2.084081] i2c /dev entries driver
[    2.084186] device-mapper: uevent: version 1.0.3
[    2.084303] device-mapper: ioctl: 4.34.0-ioctl (2015-10-28) initialised: dm-devel@redhat.com
[    2.084336] ledtrig-cpu: registered to indicate activity on CPUs
[    2.092207] NET: Registered protocol family 10
[    2.092582] NET: Registered protocol family 17
[    2.092597] Key type dns_resolver registered
[    2.093096] registered taskstats version 1
[    2.093115] Loading compiled-in X.509 certificates
[    2.094240] Loaded X.509 cert 'Build time autogenerated kernel key: 4dcb2dc2c7cf43e0c20c44384f68683c20294489'
[    2.094338] zswap: loaded using pool lzo/zbud
[    2.097327] Key type trusted registered
[    2.107540] Key type encrypted registered
[    2.107549] AppArmor: AppArmor sha1 policy hashing enabled
[    2.107553] ima: No TPM chip found, activating TPM-bypass!
[    2.107560] ima: Allocated hash algorithm: sha1
[    2.107583] evm: HMAC attrs: 0x1
[    2.108551]   Magic number: 3:3:734
[    2.114502] rtc_cmos rtc_cmos: setting system clock to 2019-05-14 12:42:21 UTC (1557837741)
[    2.114671] BIOS EDD facility v0.16 2004-Jun-25, 0 devices found
[    2.114672] EDD information not available.
[    2.226739] Freeing unused kernel memory: 1484K
[    2.239457] Write protecting the kernel read-only data: 14336k
[    2.247297] Freeing unused kernel memory: 1620K
[    2.254508] Freeing unused kernel memory: 68K
Loading, please wait...
starting version 229
[    2.290416] random: systemd-udevd: uninitialized urandom read (16 bytes read, 5 bits of entropy available)
[    2.291837] random: udevadm: uninitialized urandom read (16 bytes read, 5 bits of entropy available)
[    2.291879] random: udevadm: uninitialized urandom read (16 bytes read, 5 bits of entropy available)
[    2.312110] random: udevadm: uninitialized urandom read (16 bytes read, 5 bits of entropy available)
[    2.312184] random: udevadm: uninitialized urandom read (16 bytes read, 5 bits of entropy available)
[    2.312432] random: udevadm: uninitialized urandom read (16 bytes read, 5 bits of entropy available)
[    2.312508] random: udevadm: uninitialized urandom read (16 bytes read, 5 bits of entropy available)
[    2.312593] random: udevadm: uninitialized urandom read (16 bytes read, 5 bits of entropy available)
[    2.312845] random: udevadm: uninitialized urandom read (16 bytes read, 5 bits of entropy available)
[    2.312969] random: udevadm: uninitialized urandom read (16 bytes read, 5 bits of entropy available)
[    2.509290] e1000: Intel(R) PRO/1000 Network Driver - version 7.3.21-k8-NAPI
[    2.517566] e1000: Copyright (c) 1999-2006 Intel Corporation.
[    2.551142] Fusion MPT base driver 3.04.20
[    2.555800] Copyright (c) 1999-2008 LSI Corporation
[    2.631876] AVX2 version of gcm_enc/dec engaged.
[    2.635566] AES CTR mode by8 optimization enabled
[    2.641593] Fusion MPT SPI Host driver 3.04.20
[    2.758957] tsc: Refined TSC clocksource calibration: 1600.591 MHz
[    2.764260] clocksource: tsc: mask: 0xffffffffffffffff max_cycles: 0x17125352524, max_idle_ns: 440795260018 ns
[    2.789219] input: ImExPS/2 Generic Explorer Mouse as /devices/platform/i8042/serio1/input/input4
[    3.156852] e1000 0000:00:03.0 eth0: (PCI:33MHz:32-bit) 02:3a:f4:24:e2:72
[    3.163597] e1000 0000:00:03.0 eth0: Intel(R) PRO/1000 Network Connection
[    3.697059] e1000 0000:00:08.0 eth1: (PCI:33MHz:32-bit) 08:00:27:47:65:8e
[    3.704137] e1000 0000:00:08.0 eth1: Intel(R) PRO/1000 Network Connection
[    3.716829] e1000 0000:00:03.0 enp0s3: renamed from eth0
[    3.729977] mptbase: ioc0: Initiating bringup
[    3.743919] e1000 0000:00:08.0 enp0s8: renamed from eth1
[    3.810442] ioc0: LSI53C1030 A0: Capabilities={Initiator}
[    4.845732] scsi host2: ioc0: LSI53C1030 A0, FwRev=00000000h, Ports=1, MaxQ=256, IRQ=20
[    5.070320] scsi 2:0:0:0: Direct-Access     VBOX     HARDDISK         1.0  PQ: 0 ANSI: 5
[    5.075217] scsi target2:0:0: Beginning Domain Validation
[    5.084219] scsi target2:0:0: Domain Validation skipping write tests
[    5.087701] scsi target2:0:0: Ending Domain Validation
[    5.103903] scsi target2:0:0: asynchronous
[    5.107759] scsi 2:0:1:0: Direct-Access     VBOX     HARDDISK         1.0  PQ: 0 ANSI: 5
[    5.113355] scsi target2:0:1: Beginning Domain Validation
[    5.121791] scsi target2:0:1: Domain Validation skipping write tests
[    5.127656] scsi target2:0:1: Ending Domain Validation
[    5.132128] scsi target2:0:1: asynchronous
[    5.149651] sd 2:0:0:0: Attached scsi generic sg0 type 0
[    5.153428] sd 2:0:0:0: [sda] 20971520 512-byte logical blocks: (10.7 GB/10.0 GiB)
[    5.159153] sd 2:0:1:0: Attached scsi generic sg1 type 0
[    5.163050] sd 2:0:1:0: [sdb] 20480 512-byte logical blocks: (10.5 MB/10.0 MiB)
[    5.167879] sd 2:0:0:0: [sda] Write Protect is off
[    5.171064] sd 2:0:0:0: [sda] Incomplete mode parameter data
[    5.174749] sd 2:0:0:0: [sda] Assuming drive cache: write through
[    5.178453] sd 2:0:1:0: [sdb] Write Protect is off
[    5.182559] sd 2:0:1:0: [sdb] Incomplete mode parameter data
[    5.185936] sd 2:0:1:0: [sdb] Assuming drive cache: write through
[    5.190815]  sda: sda1
[    5.196086] sd 2:0:0:0: [sda] Attached SCSI disk
[    5.199346] sd 2:0:1:0: [sdb] Attached SCSI disk
Begin: Loading essential drivers ... [    6.702394] md: linear personality registered for level -1
[    6.710346] md: multipath personality registered for level -4
[    6.719267] md: raid0 personality registered for level 0
[    6.728973] md: raid1 personality registered for level 1
[    6.806942] raid6: sse2x1   gen()  6738 MB/s
[    6.874963] raid6: sse2x1   xor()  5208 MB/s
[    6.942897] raid6: sse2x2   gen()  8705 MB/s
[    7.011338] raid6: sse2x2   xor()  5712 MB/s
[    7.079007] raid6: sse2x4   gen() 11069 MB/s
[    7.147162] raid6: sse2x4   xor()  7630 MB/s
[    7.215409] raid6: avx2x1   gen()  9089 MB/s
[    7.283157] raid6: avx2x2   gen()  7326 MB/s
[    7.355078] raid6: avx2x4   gen()  5427 MB/s
[    7.360497] raid6: using algorithm sse2x4 gen() 11069 MB/s
[    7.365617] raid6: .... xor() 7630 MB/s, rmw enabled
[    7.369782] raid6: using avx2x2 recovery algorithm
[    7.375326] xor: automatically using best checksumming function:
[    7.418988]    avx       : 23930.000 MB/sec
[    7.423661] async_tx: api initialized (async)
[    7.441500] md: raid6 personality registered for level 6
[    7.445654] md: raid5 personality registered for level 5
[    7.448796] md: raid4 personality registered for level 4
[    7.463017] md: raid10 personality registered for level 10
done.
Begin: Running /scripts/init-premount ... done.
Begin: Mounting root file system ... Begin: Running /scripts/local-top ... done.
Begin: Running /scripts/local-premount ... [    7.520659] Btrfs loaded
Scanning for Btrfs filesystems
done.
Warning: fsck not present, so skipping root file system
[    7.636877] EXT4-fs (sda1): mounted filesystem with ordered data mode. Opts: (null)
done.
Begin: Running /scripts/local-bottom ... done.
Begin: Running /scripts/init-bottom ... done.
[    8.091798] systemd[1]: systemd 229 running in system mode. (+PAM +AUDIT +SELINUX +IMA +APPARMOR +SMACK +SYSVINIT +UTMP +LIBCRYPTSETUP +GCRYPT +GNUTLS +ACL +XZ -LZ4 +SECCOMP +BLKID +ELFUTILS +KMOD -IDN)
[    8.106438] systemd[1]: Detected virtualization oracle.
[    8.110937] systemd[1]: Detected architecture x86-64.

Welcome to [1mUbuntu 16.04.6 LTS[0m!

[    8.129093] systemd[1]: Set hostname to <ubuntu>.
[    8.152157] systemd[1]: Initializing machine ID from random generator.
[    8.156333] systemd[1]: Installed transient /etc/machine-id file.
[    8.941166] systemd[1]: Listening on Journal Socket.
[[0;32m  OK  [0m] Listening on Journal Socket.
[    8.955477] systemd[1]: Listening on udev Control Socket.
[[0;32m  OK  [0m] Listening on udev Control Socket.
[    8.961377] systemd[1]: Started Forward Password Requests to Wall Directory Watch.
[[0;32m  OK  [0m] Started Forward Password Requests to Wall Directory Watch.
[    8.971930] systemd[1]: Reached target Swap.
[[0;32m  OK  [0m] Reached target Swap.
[    8.977706] systemd[1]: Listening on Syslog Socket.
[[0;32m  OK  [0m] Listening on Syslog Socket.
[    8.984172] systemd[1]: Reached target System Time Synchronized.
[[0;32m  OK  [0m] Reached target System Time Synchronized.
[    8.992596] systemd[1]: Created slice User and Session Slice.
[[0;32m  OK  [0m] Created slice User and Session Slice.
[    9.000624] systemd[1]: Listening on Device-mapper event daemon FIFOs.
[[0;32m  OK  [0m] Listening on Device-mapper event daemon FIFOs.
[    9.012381] systemd[1]: Reached target User and Group Name Lookups.
[[0;32m  OK  [0m] Reached target User and Group Name Lookups.
[    9.032285] systemd[1]: Listening on udev Kernel Socket.
[[0;32m  OK  [0m] Listening on udev Kernel Socket.
[    9.043774] systemd[1]: Listening on /dev/initctl Compatibility Named Pipe.
[[0;32m  OK  [0m] Listening on /dev/initctl Compatibility Named Pipe.
[    9.072819] systemd[1]: Created slice System Slice.
[[0;32m  OK  [0m] Created slice System Slice.
[    9.116375] systemd[1]: Mounting Huge Pages File System...
         Mounting Huge Pages File System...
[    9.153261] systemd[1]: Created slice system-serial\x2dgetty.slice.
[[0;32m  OK  [0m] Created slice system-serial\x2dgetty.slice.
[    9.191095] systemd[1]: Starting Set console keymap...
         Starting Set console keymap...
[    9.209175] systemd[1]: Starting Uncomplicated firewall...
         Starting Uncomplicated firewall...
[    9.228053] systemd[1]: Mounting Debug File System...
         Mounting Debug File System...
[    9.240987] systemd[1]: Starting Remount Root and Kernel File Systems...
         Starting Remount Root and Kernel File Systems...
[    9.252218] systemd[1]: Reached target Encrypted Volumes.
[    9.259140] EXT4-fs (sda1): re-mounted. Opts: (null)
[[0;32m  OK  [0m] Reached target Encrypted Volumes.
[    9.273639] systemd[1]: Mounting POSIX Message Queue File System...
         Mounting POSIX Message Queue File System...
[    9.309801] systemd[1]: Reached target Slices.
[[0;32m  OK  [0m] Reached target Slices.
[    9.337924] systemd[1]: Starting Load Kernel Modules...
         Starting Load Kernel Modules...
[    9.352183] systemd[1]: Listening on LVM2 poll daemon socket.
[[0;32m  OK  [0m] Listening on LVM2 poll daemon socket.
[    9.364476] systemd[1]: Listening on LVM2 metadata daemon socket.
[[0;32m  OK  [0m] Listening on LVM2 metadata daemon socket.
[    9.374582] Loading iSCSI transport class v2.0-870.
[    9.383544] systemd[1]: Starting Monitoring of LVM2 mirrors, snapshots etc. using dmeventd or progress polling...
         Starting Monitoring of LVM2 mirrors... dmeventd or progress polling...
[    9.401668] random: nonblocking pool is initialized
[    9.407422] systemd[1]: Listening on Journal Audit Socket.
[    9.412881] iscsi: registered transport (tcp)
[[0;32m  OK  [0m] Listening on Journal Audit Socket.
[    9.427633] systemd[1]: Listening on Journal Socket (/dev/log).
[[0;32m  OK  [0m] Listening on Journal Socket (/dev/log).
[    9.456380] systemd[1]: Starting Journal Service...
         Starting Journal Service...
[    9.465615] systemd[1]: Starting Create list of required static device nodes for the current kernel...
         Starting Create list of required st... nodes for the current kernel...
[    9.483951] systemd[1]: Starting Nameserver information manager...
         Starting Nameserver information manager...
[    9.496619] systemd[1]: Set up automount Arbitrary Executable File Formats File System Automount Point.
[[0;32m  OK  [0m] Set up automount Arbitrary Executab...ats File System Automount Point.
[    9.520508] systemd[1]: Started Trigger resolvconf update for networkd DNS.
[[0;32m  OK  [0m] Started Trigger resolvconf update for networkd DNS.
[    9.534452] iscsi: registered transport (iser)
[    9.538687] systemd[1]: Mounted POSIX Message Queue File System.
[[0;32m  OK  [0m] Mounted POSIX Message Queue File System.
[    9.551392] systemd[1]: Mounted Debug File System.
[[0;32m  OK  [0m] Mounted Debug File System.
[    9.562657] systemd[1]: Mounted Huge Pages File System.
[[0;32m  OK  [0m] Mounted Huge Pages File System.
[    9.573628] systemd[1]: Started Set console keymap.
[[0;32m  OK  [0m] Started Set console keymap.
[    9.585979] systemd[1]: Started Uncomplicated firewall.
[[0;32m  OK  [0m] Started Uncomplicated firewall.
[    9.599898] systemd[1]: Started Remount Root and Kernel File Systems.
[[0;32m  OK  [0m] Started Remount Root and Kernel File Systems.
[    9.615045] systemd[1]: Started Load Kernel Modules.
[[0;32m  OK  [0m] Started Load Kernel Modules.
[    9.627650] systemd[1]: Started Create list of required static device nodes for the current kernel.
[[0;32m  OK  [0m] Started Create list of required sta...ce nodes for the current kernel.
[    9.685228] systemd[1]: Started Journal Service.
[[0;32m  OK  [0m] Started Journal Service.
[[0;32m  OK  [0m] Started Nameserver information manager.
[[0;32m  OK  [0m] Started LVM2 metadata daemon.
         Starting Create Static Device Nodes in /dev...
         Mounting FUSE Control File System...
         Starting Apply Kernel Variables...
         Starting udev Coldplug all Devices...
         Starting Load/Save Random Seed...
         Starting Flush Journal to Persistent Storage...
[[0;32m  OK  [0m] Mounted FUSE Control File System.
[[0;32m  OK  [0m] Started Load/Save Random Seed.
[[0;32m  OK  [0m] Started Create Static Device Nodes in /dev.
[[0;32m  OK  [0m] Started Apply Kernel Variables.
[[0;32m  OK  [0m] Started Flush Journal to Persistent Storage.
         Starting udev Kernel Device Manager...
[[0;32m  OK  [0m] Started udev Coldplug all Devices.
[[0;32m  OK  [0m] Started Monitoring of LVM2 mirrors,...ng dmeventd or progress polling.
[[0;32m  OK  [0m] Reached target Local File Systems (Pre).
[[0;32m  OK  [0m] Reached target Local File Systems.
         Starting Commit a transient machine-id on disk...
         Starting Set console font and keymap...
         Starting Initial cloud-init job (pre-networking)...
         Starting Create Volatile Files and Directories...
         Starting Tell Plymouth To Write Out Runtime Data...
         Starting LSB: AppArmor initialization...
[[0;32m  OK  [0m] Started udev Kernel Device Manager.
[[0;32m  OK  [0m] Started Commit a transient machine-id on disk.
[[0;32m  OK  [0m] Started Create Volatile Files and Directories.
         Starting Update UTMP about System Boot/Shutdown...
[[0;32m  OK  [0m] Started Dispatch Password Requests to Console Directory Watch.
[[0;32m  OK  [0m] Started Tell Plymouth To Write Out Runtime Data.
[[0;32m  OK  [0m] Started Update UTMP about System Boot/Shutdown.
[[0;32m  OK  [0m] Found device /dev/ttyS0.
[[0;32m  OK  [0m] Listening on Load/Save RF Kill Switch Status /dev/rfkill Watch.
[[0;32m  OK  [0m] Started Set console font and keymap.
[[0;32m  OK  [0m] Created slice system-getty.slice.
[[0;32m  OK  [0m] Started LSB: AppArmor initialization.
[   12.177712] cloud-init[488]: Cloud-init v. 18.5-45-g3554ffe8-0ubuntu1~16.04.1 running 'init-local' at Tue, 14 May 2019 12:42:31 +0000. Up 11.65 seconds.
[[0;32m  OK  [0m] Started Initial cloud-init job (pre-networking).
[[0;32m  OK  [0m] Reached target Network (Pre).
         Starting Raise network interfaces...
[[0;32m  OK  [0m] Started Raise network interfaces.
         Starting Initial cloud-init job (metadata service crawler)...
[[0;32m  OK  [0m] Reached target Network.
[   14.250315] cloud-init[970]: Cloud-init v. 18.5-45-g3554ffe8-0ubuntu1~16.04.1 running 'init' at Tue, 14 May 2019 12:42:33 +0000. Up 13.37 seconds.
[   14.257600] cloud-init[970]: ci-info: ++++++++++++++++++++++++++++++++++++++Net device info+++++++++++++++++++++++++++++++++++++++
[   14.268865] cloud-init[970]: ci-info: +--------+-------+----------------------------+---------------+--------+-------------------+
[   14.274470] cloud-init[970]: ci-info: | Device |   Up  |          Address           |      Mask     | Scope  |     Hw-Address    |
[   14.285840] cloud-init[970]: ci-info: +--------+-------+----------------------------+---------------+--------+-------------------+
[   14.296580] cloud-init[970]: ci-info: | enp0s3 |  True |         10.0.2.15          | 255.255.255.0 | global | 02:3a:f4:24:e2:72 |
[   14.303145] cloud-init[970]: ci-info: | enp0s3 |  True | fe80::3a:f4ff:fe24:e272/64 |       .       |  link  | 02:3a:f4:24:e2:72 |
[   14.309750] cloud-init[970]: ci-info: | enp0s8 | False |             .              |       .       |   .    | 08:00:27:47:65:8e |
[   14.316346] cloud-init[970]: ci-info: |   lo   |  True |         127.0.0.1          |   255.0.0.0   |  host  |         .         |
[[0;32m  OK  [0m] Started Initial cloud-init job (metadata service crawler).
[[0;32m  OK  [0m] [   14.328569] cloud-init[970]: ci-info: |   lo   |  True |          ::1/128           |       .       |  host  |         .         |
[   14.335648] cloud-init[970]: ci-info: +--------+-------+----------------------------+---------------+--------+-------------------+
Reached target System Initialization.
[   14.337250] cloud-init[970]: ci-info: +++++++++++++++++++++++++++Route IPv4 info++++++++++++++++++++++++++++
[   14.352683] cloud-init[970]: ci-info: +-------+-------------+----------+---------------+-----------+-------+
[   14.358618] cloud-init[970]: ci-info: | Route | Destination | Gateway  |    Genmask    | Interface | Flags |
[[   14.364738] cloud-init[970]: ci-info: +-------+-------------+----------+---------------+-----------+-------+
[   14.365302] cloud-init[970]: ci-info: |   0   |   0.0.0.0   | 10.0.2.2 |    0.0.0.0    |   enp0s3  |   UG  |
[   14.366580] cloud-init[970]: ci-info: |   1   |   10.0.2.0  | 0.0.0.0  | 255.255.255.0 |   enp0s3  |   U   |
[   14.370353] cloud-init[970]: ci-info: +-------+-------------+----------+---------------+-----------+-------+
[   14.370663] cloud-init[970]: ci-info: +++++++++++++++++++Route IPv6 info+++++++++++++++++++
[0;32m  OK  [0m] Started ACPI Events Check.
[   14.371653] cloud-init[970]: ci-info: +-------+-------------+---------+-----------+-------+
[[   14.373788] cloud-init[970]: ci-info: | Route | Destination | Gateway | Interface | Flags |
[   14.392578] cloud-init[970]: ci-info: +-------+-------------+---------+-----------+-------+
[   14.399638] cloud-init[970]: ci-info: |   0   |  fe80::/64  |    ::   |   enp0s3  |   U   |
[0;32m  OK  [0m] Reached target Paths.
[   14.402562] cloud-init[970]: ci-info: |   3   |   ff00::/8  |    ::   |   enp0s3  |   U   |
[   14.410308] cloud-init[970]: ci-info: +-------+-------------+---------+-----------+-------+
[   14.410597] cloud-init[970]: Generating public/private rsa key pair.
[[0;32m  OK  [0m] Listening on UUID daemon activation socket.
[[   14.412351] cloud-init[970]: Your identification has been saved in /etc/ssh/ssh_host_rsa_key.
[0;32m  OK  [0m] Started Daily apt download activities.
[[   14.420058] cloud-init[970]: Your public key has been saved in /etc/ssh/ssh_host_rsa_key.pub.
[   14.427110] cloud-init[970]: The key fingerprint is:
[   14.433065] cloud-init[970]: SHA256:RGseG7gIXeFPa4+3VOkw1digJ9kju3fDrMjjBRDEKt8 root@ubuntu-xenial
[   14.434110] cloud-init[970]: The key's randomart image is:
[   14.436582] cloud-init[970]: +---[RSA 2048]----+
[0;32m  OK  [0m] Started Daily apt upgrade and clean activities.
[   14.436640] cloud-init[970]: |      o++   .    |
[   14.461542] cloud-init[970]: |   . o o.o + =   |
[   14.469538] cloud-init[970]: |  . . o.O = * o  |
[   14.483899] cloud-init[970]: |   ....B * * o   |
[   14.483990] cloud-init[970]: |    .o..S = o    |
[   14.490408] cloud-init[970]: |      ..Eo B o   |
[   14.497338] cloud-init[970]: |        . = + =  |
[   14.505761] cloud-init[970]: |         +.= o . |
[   14.505853] cloud-init[970]: |         .=..    |
[[   14.505926] [0;32m  OK  [0mcloud-init] [970]: Listening on D-Bus System Message Bus Socket.+----[SHA256]-----+

[   14.507664] cloud-init[970]: Generating public/private dsa key pair.
[[0;32m  OK  [0m] Started Daily Cleanup of Temporary Directories.
[   14.548663] cloud-init[970]: Your identification has been saved in /etc/ssh/ssh_host_dsa_key.
[   14.555489] cloud-init[970]: Your public key has been saved in /etc/ssh/ssh_host_dsa_key.pub.
[[0;32m  OK  [0m] Reached target Timers.
[   14.555621] cloud-init[970]: The key fingerprint is:
[   14.568175] cloud-init[970]: SHA256:MNSHGinM10xEEJd/+i6FUbvXl2SbpeuC/+2AYcMVZV0 root@ubuntu-xenial
[[0;32m  OK  [0m] Listening on ACPID Listen Socket.
[   14.568270] cloud-init[970]: The key's randomart image is:
[   14.580594] cloud-init[970]: +---[DSA 1024]----+
[   14.581401] cloud-init[970]: |   o  +@=o    ..E|
[   14.581609] cloud-init[970]: |    +.+.* . .  o.|
[   14.581685] cloud-init[970]: |     ooo o . ..  |
[   14.581870] cloud-init[970]: |      .o  o.o. o.|
[   14.582043] cloud-init[970]: |        S  ==.oo=|
[   14.584618] cloud-init[970]: |          o.o+o+o|
[   14.584714] cloud-init[970]: |           +.....|
[   14.584788] cloud-init[970]: |          o o .o |
[   14.584858] cloud-init[970]: |           +o+o.o|
[   14.584927] cloud-init[970]: +----[SHA256]-----+
[   14.585121] cloud-init[970]: Generating public/private ecdsa key pair.
[   14.585199] cloud-init[970]: Your identification has been saved in /etc/ssh/ssh_host_ecdsa_key.
[   14.587320] cloud-init[970]: Your public key has been saved in /etc/ssh/ssh_host_ecdsa_key.pub.
[   14.587718] cloud-init[970]: The key fingerprint is:
[   14.587917] cloud-init[970]: SHA256:8eh1l5a20TKWsukQWg5drENJvZ2545bJu1ur0YM6uTk root@ubuntu-xenial
         Starting Socket activation for snappy daemon.
[   14.588081] cloud-init[970]: The key's randomart image is:
[   14.588586] cloud-init[970]: +---[ECDSA 256]---+
[   14.588776] cloud-init[970]: |          ..     |
[   14.588865] cloud-init[970]: |         . o.    |
[   14.590899] cloud-init[970]: |        . o oo o |
[   14.705561] cloud-init[970]: |         * o. += |
[   14.709202] cloud-init[970]: |        S O o %..|
[   14.713605] cloud-init[970]: |       . * + O== |
         Starting LXD - unix socket.
[   14.721090] cloud-init[970]: |        o o +=.*.|
[   14.737338] cloud-init[970]: |           Eo B.o|
[   14.737439] cloud-init[970]: |           +=o== |
[   14.737530] cloud-init[970]: +----[SHA256]-----+
[   14.737605] cloud-init[970]: Generating public/private ed25519 key pair.
[   14.737677] cloud-init[970]: Your identification has been saved in /etc/ssh/ssh_host_ed25519_key.
[   14.737750] cloud-init[970]: Your public key has been saved in /etc/ssh/ssh_host_ed25519_key.pub.
[   14.737822] cloud-init[970]: The key fingerprint is:
[   14.737892] cloud-init[970]: SHA256:KooAXD5VNurtjeqpah00S6kje4468I3Ce4jhSBDzha0 root@ubuntu-xenial
[   14.737970] cloud-init[970]: The key's randomart image is:
[   14.738085] cloud-init[970]: +--[ED25519 256]--+
[   14.738264] cloud-init[970]: |   o   +         |
[   14.738388] cloud-init[970]: |o . o + .        |
[   14.739725] cloud-init[970]: | + +.o           |
[   14.739829] cloud-init[970]: |o E=o .          |
[   14.739897] cloud-init[970]: |o.+oo. .S        |
[   14.739963] cloud-init[970]: |=+ o. ..o        |
[   14.740125] cloud-init[970]: |X++oo .o .       |
[   14.740199] cloud-init[970]: |BB++..o          |
[[0;32m  OK  [0m] Reached target Cloud-config availability.
[   14.740441] cloud-init[970]: |*B*.o+           |
[[0;32m  OK  [0m] Reached target Network is Online.
[   14.942336] cloud-init[970]: +----[SHA256]-----+
         Starting iSCSI initiator daemon (iscsid)...
[[0;32m  OK  [0m] Listening on Socket activation for snappy daemon.
[[0;32m  OK  [0m] Listening on LXD - unix socket.
[[0;32m  OK  [0m] Reached target Sockets.
[[0;32m  OK  [0m] Reached target Basic System.
         Starting LSB: MD monitoring daemon...
         Starting LXD - container startup/shutdown...
[[0;32m  OK  [0m] Started D-Bus System Message Bus.
[[0;32m  OK  [0m] Started FUSE filesystem for LXC.
[[0;32m  OK  [0m] Started ACPI event daemon.
[[0;32m  OK  [0m] Started Unattended Upgrades Shutdown.
         Starting LSB: Record successful boot for GRUB...
[[0;32m  OK  [0m] Started Regular background program processing daemon.
         Starting /etc/rc.local Compatibility...
         Starting System Logging Service...
         Starting Pollinate to seed the pseudo random number generator...
         Starting Virtualbox guest utils...
         Starting Login Service...
         Starting Accounts Service...
[[0;32m  OK  [0m] Started Deferred execution scheduler.
         Starting Snappy daemon...
[[0;32m  OK  [0m] Started /etc/rc.local Compatibility.
[[0;32m  OK  [0m] Started System Logging Service.
[[0;32m  OK  [0m] Started LXD - container startup/shutdown.
[[0;32m  OK  [0m] Started iSCSI initiator daemon (iscsid).
[[0;32m  OK  [0m] Started LSB: MD monitoring daemon.
[[0;32m  OK  [0m] Started LSB: Record successful boot for GRUB.
[[0;32m  OK  [0m] Started Login Service.
         Starting Authenticate and Authorize Users to Run Privileged Tasks...
         Starting Login to default iSCSI targets...
[[0;32m  OK  [0m] Started Login to default iSCSI targets.
[[0;32m  OK  [0m] Started Authenticate and Authorize Users to Run Privileged Tasks.
[[0;32m  OK  [0m] Started Accounts Service.
[[0;32m  OK  [0m] Reached target Remote File Systems (Pre).
[[0;32m  OK  [0m] Reached target Remote File Systems.
         Starting LSB: daemon to balance interrupts for SMP systems...
         Starting LSB: Set the CPU Frequency Scaling governor to "ondemand"...
         Starting LSB: automatic crash report generation...
         Starting Permit User Sessions...
[[0;32m  OK  [0m] Started Permit User Sessions.
[[0;32m  OK  [0m] Started Snappy daemon.
[[0;32m  OK  [0m] Started Virtualbox guest utils.
         Starting Wait until snapd is fully seeded...
         Starting Terminate Plymouth Boot Screen...
         Starting Hold until boot process finishes up...
[[0;32m  OK  [0m] Started LSB: Set the CPU Frequency Scaling governor to "ondemand".
[[0;32m  OK  [0m] Started Terminate Plymouth Boot Screen.
[[0;32m  OK  [0m] Started Hold until boot process finishes up.
[[0;32m  OK  [0m] Started LSB: automatic crash report generation.
[[0;32m  OK  [0m] Started LSB: daemon to balance interrupts for SMP systems.
[[0;32m  OK  [0m] Started Serial Getty on ttyS0.
         Starting Set console scheme...
[[0;32m  OK  [0m] Started Getty on tty1.
[[0;32m  OK  [0m] Reached target Login Prompts.
[[0;32m  OK  [0m] Started Pollinate to seed the pseudo random number generator.
[[0;32m  OK  [0m] Started Set console scheme.
         Starting OpenBSD Secure Shell server...
[[0;32m  OK  [0m] Started OpenBSD Secure Shell server.
[[0;32m  OK  [0m] Created slice User Slice of vagrant.
         Starting User Manager for UID 1000...
[[0;32m  OK  [0m] Started Session 1 of user vagrant.
[[0;32m  OK  [0m] Started User Manager for UID 1000.
[[0;32m  OK  [0m] Started Wait until snapd is fully seeded.
[[0;32m  OK  [0m] Reached target Multi-User System.
[[0;32m  OK  [0m] Reached target Graphical Interface.
         Starting Update UTMP about System Runlevel Changes...
         Starting Apply the settings specified in cloud-config...
[[0;32m  OK  [0m] Started Update UTMP about System Runlevel Changes.
[   19.556985] cloud-init[1380]: Generating locales (this might take a while)...
         Stopping User Manager for UID 1000...
[[0;32m  OK  [0m] Stopped User Manager for UID 1000.
[[0;32m  OK  [0m] Removed slice User Slice of vagrant.
[[0;32m  OK  [0m] Created slice User Slice of vagrant.
         Starting User Manager for UID 1000...
[[0;32m  OK  [0m] Started Session 2 of user vagrant.
[[0;32m  OK  [0m] Started User Manager for UID 1000.
[   21.373270] cloud-init[1380]:   en_US.UTF-8... done
[   21.380948] cloud-init[1380]: Generation complete.
[   22.292510] cloud-init[1380]: Cloud-init v. 18.5-45-g3554ffe8-0ubuntu1~16.04.1 running 'modules:config' at Tue, 14 May 2019 12:42:39 +0000. Up 19.26 seconds.

Ubuntu 16.04.6 LTS ubuntu-xenial ttyS0

ubuntu-xenial login: ci-info: no authorized ssh keys fingerprints found for user ubuntu.
<14>May 14 12:42:43 ec2: 
<14>May 14 12:42:43 ec2: #############################################################
<14>May 14 12:42:43 ec2: -----BEGIN SSH HOST KEY FINGERPRINTS-----
<14>May 14 12:42:43 ec2: 1024 SHA256:MNSHGinM10xEEJd/+i6FUbvXl2SbpeuC/+2AYcMVZV0 root@ubuntu-xenial (DSA)
<14>May 14 12:42:43 ec2: 256 SHA256:8eh1l5a20TKWsukQWg5drENJvZ2545bJu1ur0YM6uTk root@ubuntu-xenial (ECDSA)
<14>May 14 12:42:43 ec2: 256 SHA256:KooAXD5VNurtjeqpah00S6kje4468I3Ce4jhSBDzha0 root@ubuntu-xenial (ED25519)
<14>May 14 12:42:43 ec2: 2048 SHA256:RGseG7gIXeFPa4+3VOkw1digJ9kju3fDrMjjBRDEKt8 root@ubuntu-xenial (RSA)
<14>May 14 12:42:43 ec2: -----END SSH HOST KEY FINGERPRINTS-----
<14>May 14 12:42:43 ec2: #############################################################
-----BEGIN SSH HOST KEY KEYS-----
ecdsa-sha2-nistp256 AAAAE2VjZHNhLXNoYTItbmlzdHAyNTYAAAAIbmlzdHAyNTYAAABBBL6JMoSqZt19FH5bkbdPIaaAlMwq1yRxnB5vdI1jXf554CKPYOGZSmxplyx9g8gCVJbVefX/eXQ4kvf0eJAdPPA= root@ubuntu-xenial
ssh-ed25519 AAAAC3NzaC1lZDI1NTE5AAAAIJpkO99y+EVX93sZifzvVzdhuOoyJ8kRt0MqniP6jVos root@ubuntu-xenial
ssh-rsa AAAAB3NzaC1yc2EAAAADAQABAAABAQCzB6Eb4PtfaMycRbYyaJk8GAMedTVnRPud0pdKT0rFrKbvKwzS8oifKuUx2DTKQaesRdasWezTAKnkF1bbWCpJfeWcTJqQUDmFgCXxgzjpj7pWSXPws9IzKQss0Je7ZNk00csP8pk/IC2HnhKDyrgybHd0BtMnvCfgTfjgQgw+SiL5rxaB81H7UEiKOW8gH9yqAM1iIcSN1Q6W+W/zL7yYp9fM8UEKQfImV4aXnjFctTQkDQek0U5Cn0goqP3zbPLOnLVqrf9g8PtSwYAb5Gnc1h9LPZDvOE0GW38xhQh8QO8ice1HMtOO2QKJ9ONuCA31VBsKpl80p4F2QmDXr/13 root@ubuntu-xenial
-----END SSH HOST KEY KEYS-----
[   23.612937] cloud-init[1636]: Cloud-init v. 18.5-45-g3554ffe8-0ubuntu1~16.04.1 running 'modules:final' at Tue, 14 May 2019 12:42:43 +0000. Up 23.11 seconds.
[   23.663777] cloud-init[1636]: ci-info: no authorized ssh keys fingerprints found for user ubuntu.
[   23.665038] cloud-init[1636]: Cloud-init v. 18.5-45-g3554ffe8-0ubuntu1~16.04.1 finished at Tue, 14 May 2019 12:42:43 +0000. Datasource DataSourceNoCloud [seed=/dev/sdb][dsmode=net].  Up 23.48 seconds
